Info    2025-03-02 11:04:46  DevID:MV-CS016-10UC(DA5116136)  Source-Line:libMvCameraControl.so(CInterfaceManager.cpp-L0810)     Description:Current dynamic library path[/home/jakukur/Downloads/yolox-openvino2022-master/Hikvision/MVS/lib/libMvCameraControl.so]     Solution:
Info    2025-03-02 11:04:46  DevID:MV-CS016-10UC(DA5116136)  Source-Line:libMvCameraControl.so(CInterfaceManager.cpp-L0814)     Description:[MV_CC_CreateHandle] return[0x0]     Solution:
Info    2025-03-02 11:04:46  DevID:MV-CS016-10UC(DA5116136)  Source-Line:libMvCameraControl.so(CInterfaceManager.cpp-L5906)     Description:CamCtrl[0x300000a], U3V SDKVersion[0x300000a], DriverVersion[0x0]     Solution:
Info    2025-03-02 11:04:47  DevID:MV-CS016-10UC(DA5116136)  Source-Line:libMvCameraControl.so(CInterfaceManager.cpp-L3992)     Description:[MV_CC_InvalidateNodes] return[0x0]     Solution:
Info    2025-03-02 11:04:47  DevID:MV-CS016-10UC(DA5116136)  Source-Line:libMvCameraControl.so(CInterfaceManager.cpp-L1088)     Description:[MV_CC_OpenDevice] nPrivilegeMode[1], nSwitchoverKey[0], return[0x0]     Solution:
Info    2025-03-02 11:04:47  DevID:MV-CS016-10UC(DA5116136)  Source-Line:libMvCameraControl.so(CInterfaceManager.cpp-L1623)     Description:U3V, DeviceModelName[MV-CS016-10UC], DeviceFirmwareVersion[V2.2.0 2407021311877 24053001], DeviceMaxThroughput[387500]     Solution:
Info    2025-03-02 11:04:47  DevID:MV-CS016-10UC(DA5116136)  Source-Line:libMvCameraControl.so(CInterfaceManager.cpp-L1628)     Description:U3V, Width[640], Height[480], OffsetX[0], OffsetY[0], PixelFormat[0x2180014], AcquisitionMode[2]     Solution:
Info    2025-03-02 11:04:47  DevID:MV-CS016-10UC(DA5116136)  Source-Line:libMvCameraControl.so(CInterfaceManager.cpp-L1633)     Description:U3V, TriggerMode[0], ResultingFrameRate[168.75], ExposureTime[5000.00], ExposureAuto[0], PayloadSize[921600]     Solution:
Info    2025-03-02 11:04:47  DevID:MV-CS016-10UC(DA5116136)  Source-Line:libMvCameraControl.so(CInterfaceManager.cpp-L1712)     Description:There is no registration callback     Solution:
Info    2025-03-02 11:04:47  DevID:MV-CS016-10UC(DA5116136)  Source-Line:libMvCameraControl.so(CInterfaceManager.cpp-L5390)     Description:CamCtrl Display Thread Start, ThreadId[1556088384]     Solution:
Info    2025-03-02 11:04:47  DevID:MV-CS016-10UC(DA5116136)  Source-Line:libMvCameraControl.so(CInterfaceManager.cpp-L5564)     Description:CamCtrl RecvThread Start, ThreadId[1566574144]     Solution:
Info    2025-03-02 11:04:47  DevID:MV-CS016-10UC(DA5116136)  Source-Line:libMvCameraControl.so(CInterfaceManager.cpp-L1717)     Description:[MV_CC_StartGrabbing] return[0x0]     Solution:
Info    2025-03-02 11:04:51  DevID:MV-CS016-10UC(DA5116136)  Source-Line:libMvCameraControl.so(CInterfaceManager.cpp-L0810)     Description:Current dynamic library path[/home/jakukur/Downloads/yolox-openvino2022-master/Hikvision/MVS/lib/libMvCameraControl.so]     Solution:
Info    2025-03-02 11:04:51  DevID:MV-CS016-10UC(DA5116136)  Source-Line:libMvCameraControl.so(CInterfaceManager.cpp-L0814)     Description:[MV_CC_CreateHandle] return[0x0]     Solution:
Info    2025-03-02 11:04:51  DevID:MV-CS016-10UC(DA5116136)  Source-Line:libMvCameraControl.so(CInterfaceManager.cpp-L5906)     Description:CamCtrl[0x300000a], U3V SDKVersion[0x300000a], DriverVersion[0x0]     Solution:
Info    2025-03-02 11:04:53  DevID:MV-CS016-10UC(DA5116136)  Source-Line:libMvCameraControl.so(CInterfaceManager.cpp-L3992)     Description:[MV_CC_InvalidateNodes] return[0x0]     Solution:
Info    2025-03-02 11:04:53  DevID:MV-CS016-10UC(DA5116136)  Source-Line:libMvCameraControl.so(CInterfaceManager.cpp-L1088)     Description:[MV_CC_OpenDevice] nPrivilegeMode[1], nSwitchoverKey[0], return[0x0]     Solution:
Info    2025-03-02 11:04:53  DevID:MV-CS016-10UC(DA5116136)  Source-Line:libMvCameraControl.so(CInterfaceManager.cpp-L1623)     Description:U3V, DeviceModelName[MV-CS016-10UC], DeviceFirmwareVersion[V2.2.0 2407021311877 24053001], DeviceMaxThroughput[387500]     Solution:
Info    2025-03-02 11:04:53  DevID:MV-CS016-10UC(DA5116136)  Source-Line:libMvCameraControl.so(CInterfaceManager.cpp-L1628)     Description:U3V, Width[640], Height[480], OffsetX[0], OffsetY[0], PixelFormat[0x2180014], AcquisitionMode[2]     Solution:
Info    2025-03-02 11:04:53  DevID:MV-CS016-10UC(DA5116136)  Source-Line:libMvCameraControl.so(CInterfaceManager.cpp-L1633)     Description:U3V, TriggerMode[0], ResultingFrameRate[119.32], ExposureTime[8000.00], ExposureAuto[0], PayloadSize[921600]     Solution:
Info    2025-03-02 11:04:53  DevID:MV-CS016-10UC(DA5116136)  Source-Line:libMvCameraControl.so(CInterfaceManager.cpp-L1712)     Description:There is no registration callback     Solution:
Info    2025-03-02 11:04:53  DevID:MV-CS016-10UC(DA5116136)  Source-Line:libMvCameraControl.so(CInterfaceManager.cpp-L5564)     Description:CamCtrl RecvThread Start, ThreadId[1944061504]     Solution:
Info    2025-03-02 11:04:53  DevID:MV-CS016-10UC(DA5116136)  Source-Line:libMvCameraControl.so(CInterfaceManager.cpp-L5390)     Description:CamCtrl Display Thread Start, ThreadId[1933575744]     Solution:
Info    2025-03-02 11:04:53  DevID:MV-CS016-10UC(DA5116136)  Source-Line:libMvCameraControl.so(CInterfaceManager.cpp-L1717)     Description:[MV_CC_StartGrabbing] return[0x0]     Solution:
Info    2025-03-02 11:06:54  DevID:MV-CS016-10UC(DA5116136)  Source-Line:libMvCameraControl.so(CInterfaceManager.cpp-L0810)     Description:Current dynamic library path[/home/jakukur/Downloads/yolox-openvino2022-master/Hikvision/MVS/lib/libMvCameraControl.so]     Solution:
Info    2025-03-02 11:06:54  DevID:MV-CS016-10UC(DA5116136)  Source-Line:libMvCameraControl.so(CInterfaceManager.cpp-L0814)     Description:[MV_CC_CreateHandle] return[0x0]     Solution:
Info    2025-03-02 11:06:54  DevID:MV-CS016-10UC(DA5116136)  Source-Line:libMvCameraControl.so(CInterfaceManager.cpp-L5906)     Description:CamCtrl[0x300000a], U3V SDKVersion[0x300000a], DriverVersion[0x0]     Solution:
Info    2025-03-02 11:06:56  DevID:MV-CS016-10UC(DA5116136)  Source-Line:libMvCameraControl.so(CInterfaceManager.cpp-L3992)     Description:[MV_CC_InvalidateNodes] return[0x0]     Solution:
Info    2025-03-02 11:06:56  DevID:MV-CS016-10UC(DA5116136)  Source-Line:libMvCameraControl.so(CInterfaceManager.cpp-L1088)     Description:[MV_CC_OpenDevice] nPrivilegeMode[1], nSwitchoverKey[0], return[0x0]     Solution:
Info    2025-03-02 11:06:56  DevID:MV-CS016-10UC(DA5116136)  Source-Line:libMvCameraControl.so(CInterfaceManager.cpp-L1623)     Description:U3V, DeviceModelName[MV-CS016-10UC], DeviceFirmwareVersion[V2.2.0 2407021311877 24053001], DeviceMaxThroughput[387500]     Solution:
Info    2025-03-02 11:06:56  DevID:MV-CS016-10UC(DA5116136)  Source-Line:libMvCameraControl.so(CInterfaceManager.cpp-L1628)     Description:U3V, Width[640], Height[480], OffsetX[0], OffsetY[0], PixelFormat[0x2180014], AcquisitionMode[2]     Solution:
Info    2025-03-02 11:06:56  DevID:MV-CS016-10UC(DA5116136)  Source-Line:libMvCameraControl.so(CInterfaceManager.cpp-L1633)     Description:U3V, TriggerMode[0], ResultingFrameRate[119.32], ExposureTime[8000.00], ExposureAuto[0], PayloadSize[921600]     Solution:
Info    2025-03-02 11:06:56  DevID:MV-CS016-10UC(DA5116136)  Source-Line:libMvCameraControl.so(CInterfaceManager.cpp-L1712)     Description:There is no registration callback     Solution:
Info    2025-03-02 11:06:56  DevID:MV-CS016-10UC(DA5116136)  Source-Line:libMvCameraControl.so(CInterfaceManager.cpp-L5390)     Description:CamCtrl Display Thread Start, ThreadId[-404748736]     Solution:
Info    2025-03-02 11:06:56  DevID:MV-CS016-10UC(DA5116136)  Source-Line:libMvCameraControl.so(CInterfaceManager.cpp-L5564)     Description:CamCtrl RecvThread Start, ThreadId[-320862656]     Solution:
Info    2025-03-02 11:06:56  DevID:MV-CS016-10UC(DA5116136)  Source-Line:libMvCameraControl.so(CInterfaceManager.cpp-L1717)     Description:[MV_CC_StartGrabbing] return[0x0]     Solution:
Info    2025-03-02 11:08:46  DevID:MV-CS016-10UC(DA0213768)  Source-Line:libMvCameraControl.so(CInterfaceManager.cpp-L0810)     Description:Current dynamic library path[/home/jakukur/Downloads/yolox-openvino2022-master/Hikvision/MVS/lib/libMvCameraControl.so]     Solution:
Info    2025-03-02 11:08:46  DevID:MV-CS016-10UC(DA0213768)  Source-Line:libMvCameraControl.so(CInterfaceManager.cpp-L0814)     Description:[MV_CC_CreateHandle] return[0x0]     Solution:
Info    2025-03-02 11:08:46  DevID:MV-CS016-10UC(DA0213768)  Source-Line:libMvCameraControl.so(CInterfaceManager.cpp-L5906)     Description:CamCtrl[0x300000a], U3V SDKVersion[0x300000a], DriverVersion[0x0]     Solution:
Info    2025-03-02 11:08:46  DevID:MV-CS016-10UC(DA0213768)  Source-Line:libMvCameraControl.so(CInterfaceManager.cpp-L3992)     Description:[MV_CC_InvalidateNodes] return[0x0]     Solution:
Info    2025-03-02 11:08:46  DevID:MV-CS016-10UC(DA0213768)  Source-Line:libMvCameraControl.so(CInterfaceManager.cpp-L1088)     Description:[MV_CC_OpenDevice] nPrivilegeMode[1], nSwitchoverKey[0], return[0x0]     Solution:
Info    2025-03-02 11:08:46  DevID:MV-CS016-10UC(DA0213768)  Source-Line:libMvCameraControl.so(CInterfaceManager.cpp-L1623)     Description:U3V, DeviceModelName[MV-CS016-10UC], DeviceFirmwareVersion[V2.1.2 220907884152 22083001], DeviceMaxThroughput[387500]     Solution:
Info    2025-03-02 11:08:46  DevID:MV-CS016-10UC(DA0213768)  Source-Line:libMvCameraControl.so(CInterfaceManager.cpp-L1628)     Description:U3V, Width[640], Height[480], OffsetX[0], OffsetY[0], PixelFormat[0x2180014], AcquisitionMode[2]     Solution:
Info    2025-03-02 11:08:46  DevID:MV-CS016-10UC(DA0213768)  Source-Line:libMvCameraControl.so(CInterfaceManager.cpp-L1633)     Description:U3V, TriggerMode[0], ResultingFrameRate[169.07], ExposureTime[5000.00], ExposureAuto[0], PayloadSize[921600]     Solution:
Info    2025-03-02 11:08:46  DevID:MV-CS016-10UC(DA0213768)  Source-Line:libMvCameraControl.so(CInterfaceManager.cpp-L5564)     Description:CamCtrl RecvThread Start, ThreadId[-352319936]     Solution:
Info    2025-03-02 11:08:46  DevID:MV-CS016-10UC(DA0213768)  Source-Line:libMvCameraControl.so(CInterfaceManager.cpp-L1712)     Description:There is no registration callback     Solution:
Info    2025-03-02 11:08:46  DevID:MV-CS016-10UC(DA0213768)  Source-Line:libMvCameraControl.so(CInterfaceManager.cpp-L5390)     Description:CamCtrl Display Thread Start, ThreadId[-362805696]     Solution:
Info    2025-03-02 11:08:46  DevID:MV-CS016-10UC(DA0213768)  Source-Line:libMvCameraControl.so(CInterfaceManager.cpp-L1717)     Description:[MV_CC_StartGrabbing] return[0x0]     Solution:
Info    2025-03-02 11:15:56  DevID:MV-CS016-10UC(DA0213768)  Source-Line:libMvCameraControl.so(CInterfaceManager.cpp-L0810)     Description:Current dynamic library path[/home/jakukur/Downloads/yolox-openvino2022-master/Hikvision/MVS/lib/libMvCameraControl.so]     Solution:
Info    2025-03-02 11:15:56  DevID:MV-CS016-10UC(DA0213768)  Source-Line:libMvCameraControl.so(CInterfaceManager.cpp-L0814)     Description:[MV_CC_CreateHandle] return[0x0]     Solution:
Info    2025-03-02 11:15:56  DevID:MV-CS016-10UC(DA0213768)  Source-Line:libMvCameraControl.so(CInterfaceManager.cpp-L5906)     Description:CamCtrl[0x300000a], U3V SDKVersion[0x300000a], DriverVersion[0x0]     Solution:
Info    2025-03-02 11:15:58  DevID:MV-CS016-10UC(DA0213768)  Source-Line:libMvCameraControl.so(CInterfaceManager.cpp-L3992)     Description:[MV_CC_InvalidateNodes] return[0x0]     Solution:
Info    2025-03-02 11:15:58  DevID:MV-CS016-10UC(DA0213768)  Source-Line:libMvCameraControl.so(CInterfaceManager.cpp-L1088)     Description:[MV_CC_OpenDevice] nPrivilegeMode[1], nSwitchoverKey[0], return[0x0]     Solution:
Info    2025-03-02 11:15:58  DevID:MV-CS016-10UC(DA0213768)  Source-Line:libMvCameraControl.so(CInterfaceManager.cpp-L1623)     Description:U3V, DeviceModelName[MV-CS016-10UC], DeviceFirmwareVersion[V2.1.2 220907884152 22083001], DeviceMaxThroughput[387500]     Solution:
Info    2025-03-02 11:15:58  DevID:MV-CS016-10UC(DA0213768)  Source-Line:libMvCameraControl.so(CInterfaceManager.cpp-L1628)     Description:U3V, Width[640], Height[480], OffsetX[0], OffsetY[0], PixelFormat[0x2180014], AcquisitionMode[2]     Solution:
Info    2025-03-02 11:15:58  DevID:MV-CS016-10UC(DA0213768)  Source-Line:libMvCameraControl.so(CInterfaceManager.cpp-L1633)     Description:U3V, TriggerMode[0], ResultingFrameRate[119.37], ExposureTime[8000.00], ExposureAuto[0], PayloadSize[921600]     Solution:
Info    2025-03-02 11:15:58  DevID:MV-CS016-10UC(DA0213768)  Source-Line:libMvCameraControl.so(CInterfaceManager.cpp-L1712)     Description:There is no registration callback     Solution:
Info    2025-03-02 11:15:58  DevID:MV-CS016-10UC(DA0213768)  Source-Line:libMvCameraControl.so(CInterfaceManager.cpp-L5390)     Description:CamCtrl Display Thread Start, ThreadId[-213907904]     Solution:
Info    2025-03-02 11:15:58  DevID:MV-CS016-10UC(DA0213768)  Source-Line:libMvCameraControl.so(CInterfaceManager.cpp-L5564)     Description:CamCtrl RecvThread Start, ThreadId[-203422144]     Solution:
Info    2025-03-02 11:15:58  DevID:MV-CS016-10UC(DA0213768)  Source-Line:libMvCameraControl.so(CInterfaceManager.cpp-L1717)     Description:[MV_CC_StartGrabbing] return[0x0]     Solution:
Info    2025-03-02 21:05:34  DevID:MV-CS016-10UC(DA0213768)  Source-Line:libMvCameraControl.so(CInterfaceManager.cpp-L0810)     Description:Current dynamic library path[/home/jakukur/Downloads/yolox-openvino2022-master/Hikvision/MVS/lib/libMvCameraControl.so]     Solution:
Info    2025-03-02 21:05:34  DevID:MV-CS016-10UC(DA0213768)  Source-Line:libMvCameraControl.so(CInterfaceManager.cpp-L0814)     Description:[MV_CC_CreateHandle] return[0x0]     Solution:
Info    2025-03-02 21:05:34  DevID:MV-CS016-10UC(DA0213768)  Source-Line:libMvCameraControl.so(CInterfaceManager.cpp-L5906)     Description:CamCtrl[0x300000a], U3V SDKVersion[0x300000a], DriverVersion[0x0]     Solution:
Info    2025-03-02 21:05:35  DevID:MV-CS016-10UC(DA0213768)  Source-Line:libMvCameraControl.so(CInterfaceManager.cpp-L3992)     Description:[MV_CC_InvalidateNodes] return[0x0]     Solution:
Info    2025-03-02 21:05:35  DevID:MV-CS016-10UC(DA0213768)  Source-Line:libMvCameraControl.so(CInterfaceManager.cpp-L1088)     Description:[MV_CC_OpenDevice] nPrivilegeMode[1], nSwitchoverKey[0], return[0x0]     Solution:
Info    2025-03-02 21:05:35  DevID:MV-CS016-10UC(DA0213768)  Source-Line:libMvCameraControl.so(CInterfaceManager.cpp-L1623)     Description:U3V, DeviceModelName[MV-CS016-10UC], DeviceFirmwareVersion[V2.1.2 220907884152 22083001], DeviceMaxThroughput[387500]     Solution:
Info    2025-03-02 21:05:35  DevID:MV-CS016-10UC(DA0213768)  Source-Line:libMvCameraControl.so(CInterfaceManager.cpp-L1628)     Description:U3V, Width[640], Height[480], OffsetX[0], OffsetY[0], PixelFormat[0x2180014], AcquisitionMode[2]     Solution:
Info    2025-03-02 21:05:35  DevID:MV-CS016-10UC(DA0213768)  Source-Line:libMvCameraControl.so(CInterfaceManager.cpp-L1633)     Description:U3V, TriggerMode[0], ResultingFrameRate[169.07], ExposureTime[5000.00], ExposureAuto[0], PayloadSize[921600]     Solution:
Info    2025-03-02 21:05:35  DevID:MV-CS016-10UC(DA0213768)  Source-Line:libMvCameraControl.so(CInterfaceManager.cpp-L5564)     Description:CamCtrl RecvThread Start, ThreadId[834668096]     Solution:
Info    2025-03-02 21:05:35  DevID:MV-CS016-10UC(DA0213768)  Source-Line:libMvCameraControl.so(CInterfaceManager.cpp-L1712)     Description:There is no registration callback     Solution:
Info    2025-03-02 21:05:35  DevID:MV-CS016-10UC(DA0213768)  Source-Line:libMvCameraControl.so(CInterfaceManager.cpp-L5390)     Description:CamCtrl Display Thread Start, ThreadId[824182336]     Solution:
Info    2025-03-02 21:05:35  DevID:MV-CS016-10UC(DA0213768)  Source-Line:libMvCameraControl.so(CInterfaceManager.cpp-L1717)     Description:[MV_CC_StartGrabbing] return[0x0]     Solution:
Info    2025-04-01 21:12:50  DevID:MV-CS016-10UC(DA0213768)  Source-Line:libMvCameraControl.so(CInterfaceManager.cpp-L0810)     Description:Current dynamic library path[/home/jakukur/Downloads/yolox-openvino2022-master/Hikvision/MVS/lib/libMvCameraControl.so]     Solution:
Info    2025-04-01 21:12:50  DevID:MV-CS016-10UC(DA0213768)  Source-Line:libMvCameraControl.so(CInterfaceManager.cpp-L0814)     Description:[MV_CC_CreateHandle] return[0x0]     Solution:
Info    2025-04-01 21:12:50  DevID:MV-CS016-10UC(DA0213768)  Source-Line:libMvCameraControl.so(CInterfaceManager.cpp-L5906)     Description:CamCtrl[0x300000a], U3V SDKVersion[0x300000a], DriverVersion[0x0]     Solution:
Info    2025-04-01 21:12:51  DevID:MV-CS016-10UC(DA0213768)  Source-Line:libMvCameraControl.so(CInterfaceManager.cpp-L3992)     Description:[MV_CC_InvalidateNodes] return[0x0]     Solution:
Info    2025-04-01 21:12:51  DevID:MV-CS016-10UC(DA0213768)  Source-Line:libMvCameraControl.so(CInterfaceManager.cpp-L1088)     Description:[MV_CC_OpenDevice] nPrivilegeMode[1], nSwitchoverKey[0], return[0x0]     Solution:
Info    2025-04-01 21:12:51  DevID:MV-CS016-10UC(DA0213768)  Source-Line:libMvCameraControl.so(CInterfaceManager.cpp-L1623)     Description:U3V, DeviceModelName[MV-CS016-10UC], DeviceFirmwareVersion[V2.1.2 220907884152 22083001], DeviceMaxThroughput[387500]     Solution:
Info    2025-04-01 21:12:51  DevID:MV-CS016-10UC(DA0213768)  Source-Line:libMvCameraControl.so(CInterfaceManager.cpp-L1628)     Description:U3V, Width[1440], Height[1080], OffsetX[0], OffsetY[0], PixelFormat[0x2180014], AcquisitionMode[2]     Solution:
Info    2025-04-01 21:12:51  DevID:MV-CS016-10UC(DA0213768)  Source-Line:libMvCameraControl.so(CInterfaceManager.cpp-L1633)     Description:U3V, TriggerMode[0], ResultingFrameRate[79.30], ExposureTime[5000.00], ExposureAuto[0], PayloadSize[4665600]     Solution:
Info    2025-04-01 21:12:51  DevID:MV-CS016-10UC(DA0213768)  Source-Line:libMvCameraControl.so(CInterfaceManager.cpp-L1712)     Description:There is no registration callback     Solution:
Info    2025-04-01 21:12:51  DevID:MV-CS016-10UC(DA0213768)  Source-Line:libMvCameraControl.so(CInterfaceManager.cpp-L5390)     Description:CamCtrl Display Thread Start, ThreadId[232785472]     Solution:
Info    2025-04-01 21:12:51  DevID:MV-CS016-10UC(DA0213768)  Source-Line:libMvCameraControl.so(CInterfaceManager.cpp-L5564)     Description:CamCtrl RecvThread Start, ThreadId[243271232]     Solution:
Info    2025-04-01 21:12:51  DevID:MV-CS016-10UC(DA0213768)  Source-Line:libMvCameraControl.so(CInterfaceManager.cpp-L1717)     Description:[MV_CC_StartGrabbing] return[0x0]     Solution:
